<?xml version="1.0" encoding="UTF-8"?>
<!-- Generated by org.testng.reporters.JUnitXMLReporter -->
<testsuite ignored="34" hostname="UNVII" failures="0" tests="1" name="Validate No of banner is visible in the Subscription page" time="16.491" errors="0" timestamp="2025-07-17T14:43:51 IST">
  <testcase classname="Foursidesplay.Testcase2" name="insidecouponpagebannerisvisible" time="13.355"/>
  <testcase classname="Foursidesplay.TestCase" name="checkTagname" time="0.0">
    <ignored/>
  </testcase> <!-- checkTagname -->
  <testcase classname="Foursidesplay.TestCase" name="verifyCurrentUrlTest" time="0.0">
    <ignored/>
  </testcase> <!-- verifyCurrentUrlTest -->
  <testcase classname="Foursidesplay.TestCase" name="wrongOtpLoginTest" time="0.0">
    <ignored/>
  </testcase> <!-- wrongOtpLoginTest -->
  <testcase classname="Foursidesplay.TestCase" name="verifyurl" time="0.0">
    <ignored/>
  </testcase> <!-- verifyurl -->
  <testcase classname="Foursidesplay.TestCase" name="viewAllTest" time="0.0">
    <ignored/>
  </testcase> <!-- viewAllTest -->
  <testcase classname="Foursidesplay.TestCase" name="loginWithMailTest" time="0.0">
    <ignored/>
  </testcase> <!-- loginWithMailTest -->
  <testcase classname="Foursidesplay.TestCase" name="verifyPopupIsVisibleuserBuysubscription" time="0.0">
    <ignored/>
  </testcase> <!-- verifyPopupIsVisibleuserBuysubscription -->
  <testcase classname="Foursidesplay.Testcase2" name="checkNoofBannerpresendInHomepage" time="0.0">
    <ignored/>
  </testcase> <!-- checkNoofBannerpresendInHomepage -->
  <testcase classname="Foursidesplay.TestCase" name="countTotalVideosWithNames" time="0.0">
    <ignored/>
  </testcase> <!-- countTotalVideosWithNames -->
  <testcase classname="Foursidesplay.Testcase2" name="checkcouponprice" time="0.0">
    <ignored/>
  </testcase> <!-- checkcouponprice -->
  <testcase classname="Foursidesplay.TestCase" name="checkUserBuySubscription" time="0.0">
    <ignored/>
  </testcase> <!-- checkUserBuySubscription -->
  <testcase classname="Foursidesplay.TestCase" name="buyRentVideoTest" time="0.0">
    <ignored/>
  </testcase> <!-- buyRentVideoTest -->
  <testcase classname="Foursidesplay.TestCase" name="watchlist" time="0.0">
    <ignored/>
  </testcase> <!-- watchlist -->
  <testcase classname="Foursidesplay.TestCase" name="updateProfileTest" time="0.0">
    <ignored/>
  </testcase> <!-- updateProfileTest -->
  <testcase classname="Foursidesplay.TestCase" name="Banner_is_visible" time="0.0">
    <ignored/>
  </testcase> <!-- Banner_is_visible -->
  <testcase classname="Foursidesplay.Testcase2" name="checkAllanguageIsvisible" time="0.0">
    <ignored/>
  </testcase> <!-- checkAllanguageIsvisible -->
  <testcase classname="Foursidesplay.TestCase" name="footerTermsAndConditionsTest" time="0.0">
    <ignored/>
  </testcase> <!-- footerTermsAndConditionsTest -->
  <testcase classname="Foursidesplay.TestCase" name="logoutTest" time="0.0">
    <ignored/>
  </testcase> <!-- logoutTest -->
  <testcase classname="Foursidesplay.TestCase" name="withoutLoginSubscriptionButtonisVisible" time="0.0">
    <ignored/>
  </testcase> <!-- withoutLoginSubscriptionButtonisVisible -->
  <testcase classname="Foursidesplay.TestCase" name="check_SubscriptionisVisible" time="0.0">
    <ignored/>
  </testcase> <!-- check_SubscriptionisVisible -->
  <testcase classname="Foursidesplay.Testcase2" name="Validate_No_Data_message_is_visible" time="0.0">
    <ignored/>
  </testcase> <!-- Validate_No_Data_message_is_visible -->
  <testcase classname="Foursidesplay.TestCase" name="filterValuesTest" time="0.0">
    <ignored/>
  </testcase> <!-- filterValuesTest -->
  <testcase classname="Foursidesplay.TestCase" name="filterButtonClickTest" time="0.0">
    <ignored/>
  </testcase> <!-- filterButtonClickTest -->
  <testcase classname="Foursidesplay.TestCase" name="playStoreButtonTest" time="0.0">
    <ignored/>
  </testcase> <!-- playStoreButtonTest -->
  <testcase classname="Foursidesplay.TestCase" name="Extractallthevideoname" time="0.0">
    <ignored/>
  </testcase> <!-- Extractallthevideoname -->
  <testcase classname="Foursidesplay.TestCase" name="subscription" time="0.0">
    <ignored/>
  </testcase> <!-- subscription -->
  <testcase classname="Foursidesplay.Testcase2" name="checkrazorpayopen" time="0.0">
    <ignored/>
  </testcase> <!-- checkrazorpayopen -->
  <testcase classname="Foursidesplay.Testcase2" name="clickwatchnow_userredirect_into_login" time="0.0">
    <ignored/>
  </testcase> <!-- clickwatchnow_userredirect_into_login -->
  <testcase classname="Foursidesplay.TestCase" name="playVideoTest" time="0.0">
    <ignored/>
  </testcase> <!-- playVideoTest -->
  <testcase classname="Foursidesplay.TestCase" name="checkRelatedvideo" time="0.0">
    <ignored/>
  </testcase> <!-- checkRelatedvideo -->
  <testcase classname="Foursidesplay.TestCase" name="detailedPageWithoutLoginTest" time="0.0">
    <ignored/>
  </testcase> <!-- detailedPageWithoutLoginTest -->
  <testcase classname="Foursidesplay.TestCase" name="loginWithPhoneNumber" time="0.0">
    <ignored/>
  </testcase> <!-- loginWithPhoneNumber -->
  <testcase classname="Foursidesplay.Testcase2" name="couponPercentage" time="0.0">
    <ignored/>
  </testcase> <!-- couponPercentage -->
  <testcase classname="Foursidesplay.TestCase" name="searchVideoTest" time="0.0">
    <ignored/>
  </testcase> <!-- searchVideoTest -->
</testsuite> <!-- Validate No of banner is visible in the Subscription page -->
