<?xml version="1.0" encoding="UTF-8"?>
<!-- Generated by org.testng.reporters.JUnitXMLReporter -->
<testsuite ignored="26" hostname="UNVII" failures="0" tests="1" name="check on view All button is workable" time="53.511" errors="0" timestamp="2025-07-18T12:07:55 IST">
  <testcase classname="Foursidesplay.TestCase" name="viewAllTest" time="46.531"/>
  <testcase classname="Foursidesplay.TestCase" name="footerTermsAndConditionsTest" time="0.0">
    <ignored/>
  </testcase> <!-- footerTermsAndConditionsTest -->
  <testcase classname="Foursidesplay.TestCase" name="detailedPageWithoutLoginTest" time="0.0">
    <ignored/>
  </testcase> <!-- detailedPageWithoutLoginTest -->
  <testcase classname="Foursidesplay.TestCase" name="buyRentVideoTest" time="0.0">
    <ignored/>
  </testcase> <!-- buyRentVideoTest -->
  <testcase classname="Foursidesplay.TestCase" name="filterValuesTest" time="0.0">
    <ignored/>
  </testcase> <!-- filterValuesTest -->
  <testcase classname="Foursidesplay.TestCase" name="countTotalVideosWithNames" time="0.0">
    <ignored/>
  </testcase> <!-- countTotalVideosWithNames -->
  <testcase classname="Foursidesplay.TestCase" name="withoutLoginSubscriptionButtonisVisible" time="0.0">
    <ignored/>
  </testcase> <!-- withoutLoginSubscriptionButtonisVisible -->
  <testcase classname="Foursidesplay.TestCase" name="checkRelatedvideo" time="0.0">
    <ignored/>
  </testcase> <!-- checkRelatedvideo -->
  <testcase classname="Foursidesplay.TestCase" name="logoutTest" time="0.0">
    <ignored/>
  </testcase> <!-- logoutTest -->
  <testcase classname="Foursidesplay.TestCase" name="loginWithMailTest" time="0.0">
    <ignored/>
  </testcase> <!-- loginWithMailTest -->
  <testcase classname="Foursidesplay.TestCase" name="checkTagname" time="0.0">
    <ignored/>
  </testcase> <!-- checkTagname -->
  <testcase classname="Foursidesplay.TestCase" name="loginWithPhoneNumber" time="0.0">
    <ignored/>
  </testcase> <!-- loginWithPhoneNumber -->
  <testcase classname="Foursidesplay.TestCase" name="playStoreButtonTest" time="0.0">
    <ignored/>
  </testcase> <!-- playStoreButtonTest -->
  <testcase classname="Foursidesplay.TestCase" name="watchlist" time="0.0">
    <ignored/>
  </testcase> <!-- watchlist -->
  <testcase classname="Foursidesplay.TestCase" name="filterButtonClickTest" time="0.0">
    <ignored/>
  </testcase> <!-- filterButtonClickTest -->
  <testcase classname="Foursidesplay.TestCase" name="verifyurl" time="0.0">
    <ignored/>
  </testcase> <!-- verifyurl -->
  <testcase classname="Foursidesplay.TestCase" name="searchVideoTest" time="0.0">
    <ignored/>
  </testcase> <!-- searchVideoTest -->
  <testcase classname="Foursidesplay.TestCase" name="updateProfileTest" time="0.0">
    <ignored/>
  </testcase> <!-- updateProfileTest -->
  <testcase classname="Foursidesplay.TestCase" name="Extractallthevideoname" time="0.0">
    <ignored/>
  </testcase> <!-- Extractallthevideoname -->
  <testcase classname="Foursidesplay.TestCase" name="verifyPopupIsVisibleuserBuysubscription" time="0.0">
    <ignored/>
  </testcase> <!-- verifyPopupIsVisibleuserBuysubscription -->
  <testcase classname="Foursidesplay.TestCase" name="wrongOtpLoginTest" time="0.0">
    <ignored/>
  </testcase> <!-- wrongOtpLoginTest -->
  <testcase classname="Foursidesplay.TestCase" name="checkUserBuySubscription" time="0.0">
    <ignored/>
  </testcase> <!-- checkUserBuySubscription -->
  <testcase classname="Foursidesplay.TestCase" name="playVideoTest" time="0.0">
    <ignored/>
  </testcase> <!-- playVideoTest -->
  <testcase classname="Foursidesplay.TestCase" name="verifyCurrentUrlTest" time="0.0">
    <ignored/>
  </testcase> <!-- verifyCurrentUrlTest -->
  <testcase classname="Foursidesplay.TestCase" name="subscription" time="0.0">
    <ignored/>
  </testcase> <!-- subscription -->
  <testcase classname="Foursidesplay.TestCase" name="check_SubscriptionisVisible" time="0.0">
    <ignored/>
  </testcase> <!-- check_SubscriptionisVisible -->
  <testcase classname="Foursidesplay.TestCase" name="Banner_is_visible" time="0.0">
    <ignored/>
  </testcase> <!-- Banner_is_visible -->
</testsuite> <!-- check on view All button is workable -->
