<?xml version="1.0" encoding="UTF-8"?>
<testsuite xmlns:xsi="http://www.w3.org/2001/XMLSchema-instance" xsi:noNamespaceSchemaLocation="https://maven.apache.org/surefire/maven-surefire-plugin/xsd/surefire-test-report-3.0.xsd" version="3.0" name="TestSuite" time="188.296" tests="11" errors="0" skipped="0" failures="0">
  <properties>
[...]
</properties>
  <testcase name="loginWithMailTest" classname="Chull.TestCase" time="3.565">
    <system-err><![CDATA[SLF4J(W): No SLF4J providers were found.
SLF4J(W): Defaulting to no-operation (NOP) logger implementation
SLF4J(W): See https://www.slf4j.org/codes.html#noProviders for further details.
]]></system-err>
  </testcase>
  <testcase name="loginWithPhoneNumber" classname="Chull.TestCase" time="9.254"/>
  <testcase name="verifyCurrentUrlTest" classname="Chull.TestCase" time="0.034">
    <system-out><![CDATA[True 
]]></system-out>
  </testcase>
  <testcase name="updateProfileTest" classname="Chull.TestCase" time="18.106"/>
  <testcase name="searchVideoTest" classname="Chull.TestCase" time="21.337">
    <system-out><![CDATA[Video is visible
]]></system-out>
  </testcase>
  <testcase name="wrongOtpLoginTest" classname="Chull.TestCase" time="7.894">
    <system-out><![CDATA[Verify OTP
]]></system-out>
  </testcase>
  <testcase name="playVideoTest" classname="Chull.TestCase" time="16.18">
    <system-out><![CDATA[Popup closed.
Total iframes found: 7
Iframe src: https://td.doubleclick.net/td/rul/17013215611?random=1749538035414&cv=11&fst=1749538035414&fmt=3&bg=ffffff&guid=ON&async=1&gtm=45be5650z89221036923za200zb9221036923&gcd=13l3l3l3l1l1&dma=0&tag_exp=101509157~103116026~103200004~103233427~103351869~103351871~104617979~104617981~104653070~104653072~104661466~104661468~104684204~104684207~104698127~104698129&u_w=1024&u_h=768&url=https%3A%2F%2Fchull.tv%2F&hn=www.googleadservices.com&frm=0&npa=0&pscdl=noapi&auid=696742664.1749538035&uaa=x86&uab=64&uafvl=Google%2520Chrome%3B137.0.7151.69%7CChromium%3B137.0.7151.69%7CNot%252FA)Brand%3B24.0.0.0&uamb=0&uam=&uap=Windows&uapv=19.0.0&uaw=0&fledge=1&data=event%3Dgtag.config
Iframe src: https://td.doubleclick.net/td/rul/17013215611?random=1749538035530&cv=11&fst=1749538035530&fmt=3&bg=ffffff&guid=ON&async=1&gtm=45be5650z89221036923za200zb9221036923&gcd=13l3l3l3l1l1&dma=0&tag_exp=101509157~103116026~103200004~103233427~103351869~103351871~104617979~104617981~104653070~104653072~104661466~104661468~104684204~104684207~104698127~104698129&u_w=1024&u_h=768&url=https%3A%2F%2Fchull.tv%2F&hn=www.googleadservices.com&frm=0&npa=0&pscdl=noapi&auid=696742664.1749538035&uaa=x86&uab=64&uafvl=Google%2520Chrome%3B137.0.7151.69%7CChromium%3B137.0.7151.69%7CNot%252FA)Brand%3B24.0.0.0&uamb=0&uam=&uap=Windows&uapv=19.0.0&uaw=0&fledge=1&_tu=Cg
Iframe src: 
Iframe src: https://td.doubleclick.net/td/rul/17013215611?random=1749538039340&cv=11&fst=1749538039340&fmt=3&bg=ffffff&guid=ON&async=1&gtm=45be5650za200zb9221036923&gcd=13l3l3l3l1l1&dma=0&tag_exp=101509157~103116026~103200004~103233427~103351869~103351871~104617979~104617981~104653070~104653072~104661466~104661468~104684204~104684207~104698127~104698129&u_w=1024&u_h=768&url=https%3A%2F%2Fchull.tv%2Flogin&hn=www.googleadservices.com&frm=0&tiba=Chull%20Tv%20-%20OTT%20Platform%20for%20Web%20Series%20Movies%20Entertainment%20Show&npa=0&pscdl=noapi&auid=696742664.1749538035&uaa=x86&uab=64&uafvl=Google%2520Chrome%3B137.0.7151.69%7CChromium%3B137.0.7151.69%7CNot%252FA)Brand%3B24.0.0.0&uamb=0&uam=&uap=Windows&uapv=19.0.0&uaw=0&fledge=1&data=event%3Dform_start
Iframe src: https://td.doubleclick.net/td/rul/17013215611?random=1749538039365&cv=11&fst=1749538039365&fmt=3&bg=ffffff&guid=ON&async=1&gtm=45be5650za200zb9221036923&gcd=13l3l3l3l1l1&dma=0&tag_exp=101509157~103116026~103200004~103233427~103351869~103351871~104617979~104617981~104653070~104653072~104661466~104661468~104684204~104684207~104698127~104698129&u_w=1024&u_h=768&url=https%3A%2F%2Fchull.tv%2Flogin&hn=www.googleadservices.com&frm=0&tiba=Chull%20Tv%20-%20OTT%20Platform%20for%20Web%20Series%20Movies%20Entertainment%20Show&npa=0&pscdl=noapi&auid=696742664.1749538035&uaa=x86&uab=64&uafvl=Google%2520Chrome%3B137.0.7151.69%7CChromium%3B137.0.7151.69%7CNot%252FA)Brand%3B24.0.0.0&uamb=0&uam=&uap=Windows&uapv=19.0.0&uaw=0&fledge=1&data=event%3Dform_submit
Iframe src: https://td.doubleclick.net/td/rul/17013215611?random=1749538039967&cv=11&fst=1749538039967&fmt=3&bg=ffffff&guid=ON&async=1&gtm=45be5650za200zb9221036923&gcd=13l3l3l3l1l1&dma=0&tag_exp=101509157~103116026~103200004~103233427~103351869~103351871~104617979~104617981~104653070~104653072~104661466~104661468~104684204~104684207~104698127~104698129&u_w=1024&u_h=768&url=https%3A%2F%2Fchull.tv%2Flogin&hn=www.googleadservices.com&frm=0&tiba=Chull%20Tv%20-%20OTT%20Platform%20for%20Web%20Series%20Movies%20Entertainment%20Show&npa=0&pscdl=noapi&auid=696742664.1749538035&uaa=x86&uab=64&uafvl=Google%2520Chrome%3B137.0.7151.69%7CChromium%3B137.0.7151.69%7CNot%252FA)Brand%3B24.0.0.0&uamb=0&uam=&uap=Windows&uapv=19.0.0&uaw=0&fledge=1&data=event%3Dform_submit
Iframe src: https://api.razorpay.com/v1/checkout/public?traffic_env=production&build=ddc425cc89478a9fb09666dcb241a0223c44f5a5&build_v1=520f3ab30b49e7e315d5c449b1b5430aea890cfa&checkout_v2=1&new_session=1
Player iframe not found.
]]></system-out>
  </testcase>
  <testcase name="footerTermsAndConditionsTest" classname="Chull.TestCase" time="6.493">
    <system-out><![CDATA[Total iframes: 7
iframe ID: support
iframe SRC: https://chull.ottsnap.in/pages/3
iframe ID: 
iframe SRC: https://td.doubleclick.net/td/rul/17013215611?random=1749538056067&cv=11&fst=1749538056067&fmt=3&bg=ffffff&guid=ON&async=1&gtm=45be5650z89221036923za200zb9221036923&gcd=13l3l3l3l1l1&dma=0&tag_exp=101509157~103116026~103200004~103233427~103351869~103351871~104617979~104617981~104653070~104653072~104661466~104661468~104698127~104698129&u_w=1024&u_h=768&url=https%3A%2F%2Fchull.tv%2F&hn=www.googleadservices.com&frm=0&npa=0&pscdl=noapi&auid=1926894719.1749538056&uaa=x86&uab=64&uafvl=Google%2520Chrome%3B137.0.7151.69%7CChromium%3B137.0.7151.69%7CNot%252FA)Brand%3B24.0.0.0&uamb=0&uam=&uap=Windows&uapv=19.0.0&uaw=0&fledge=1&data=event%3Dgtag.config
iframe ID: 
iframe SRC: https://td.doubleclick.net/td/rul/17013215611?random=1749538056130&cv=11&fst=1749538056130&fmt=3&bg=ffffff&guid=ON&async=1&gtm=45be5650z89221036923za200zb9221036923&gcd=13l3l3l3l1l1&dma=0&tag_exp=101509157~103116026~103200004~103233427~103351869~103351871~104617979~104617981~104653070~104653072~104661466~104661468~104698127~104698129&u_w=1024&u_h=768&url=https%3A%2F%2Fchull.tv%2F&hn=www.googleadservices.com&frm=0&npa=0&pscdl=noapi&auid=1926894719.1749538056&uaa=x86&uab=64&uafvl=Google%2520Chrome%3B137.0.7151.69%7CChromium%3B137.0.7151.69%7CNot%252FA)Brand%3B24.0.0.0&uamb=0&uam=&uap=Windows&uapv=19.0.0&uaw=0&fledge=1&_tu=Cg
iframe ID: 
iframe SRC: 
iframe ID: 
iframe SRC: https://td.doubleclick.net/td/rul/17013215611?random=1749538063081&cv=11&fst=1749538063081&fmt=3&bg=ffffff&guid=ON&async=1&gtm=45be5650za200zb9221036923&gcd=13l3l3l3l1l1&dma=0&tag_exp=101509157~103116026~103200004~103233427~103351869~103351871~104617979~104617981~104653070~104653072~104661466~104661468~104698127~104698129&u_w=1024&u_h=768&url=https%3A%2F%2Fchull.tv%2Flogin&hn=www.googleadservices.com&frm=0&tiba=Chull%20Tv%20-%20OTT%20Platform%20for%20Web%20Series%20Movies%20Entertainment%20Show&npa=0&pscdl=noapi&auid=1926894719.1749538056&uaa=x86&uab=64&uafvl=Google%2520Chrome%3B137.0.7151.69%7CChromium%3B137.0.7151.69%7CNot%252FA)Brand%3B24.0.0.0&uamb=0&uam=&uap=Windows&uapv=19.0.0&uaw=0&fledge=1&data=event%3Dform_start
iframe ID: 
iframe SRC: https://td.doubleclick.net/td/rul/17013215611?random=1749538063336&cv=11&fst=1749538063336&fmt=3&bg=ffffff&guid=ON&async=1&gtm=45be5650za200zb9221036923&gcd=13l3l3l3l1l1&dma=0&tag_exp=101509157~103116026~103200004~103233427~103351869~103351871~104617979~104617981~104653070~104653072~104661466~104661468~104698127~104698129&u_w=1024&u_h=768&url=https%3A%2F%2Fchull.tv%2Flogin&hn=www.googleadservices.com&frm=0&tiba=Chull%20Tv%20-%20OTT%20Platform%20for%20Web%20Series%20Movies%20Entertainment%20Show&npa=0&pscdl=noapi&auid=1926894719.1749538056&uaa=x86&uab=64&uafvl=Google%2520Chrome%3B137.0.7151.69%7CChromium%3B137.0.7151.69%7CNot%252FA)Brand%3B24.0.0.0&uamb=0&uam=&uap=Windows&uapv=19.0.0&uaw=0&fledge=1&data=event%3Dform_submit
iframe ID: 
iframe SRC: https://td.doubleclick.net/td/rul/17013215611?random=1749538063838&cv=11&fst=1749538063838&fmt=3&bg=ffffff&guid=ON&async=1&gtm=45be5650za200zb9221036923&gcd=13l3l3l3l1l1&dma=0&tag_exp=101509157~103116026~103200004~103233427~103351869~103351871~104617979~104617981~104653070~104653072~104661466~104661468~104698127~104698129&u_w=1024&u_h=768&url=https%3A%2F%2Fchull.tv%2Flogin&hn=www.googleadservices.com&frm=0&tiba=Chull%20Tv%20-%20OTT%20Platform%20for%20Web%20Series%20Movies%20Entertainment%20Show&npa=0&pscdl=noapi&auid=1926894719.1749538056&uaa=x86&uab=64&uafvl=Google%2520Chrome%3B137.0.7151.69%7CChromium%3B137.0.7151.69%7CNot%252FA)Brand%3B24.0.0.0&uamb=0&uam=&uap=Windows&uapv=19.0.0&uaw=0&fledge=1&data=event%3Dform_submit
Element is visible
]]></system-out>
  </testcase>
  <testcase name="logoutTest" classname="Chull.TestCase" time="12.117"/>
  <testcase name="filterValuesTest" classname="Chull.TestCase" time="20.712">
    <system-out><![CDATA[https://chull.tv/language/Hindi/1
]]></system-out>
  </testcase>
  <testcase name="viewAllTest" classname="Chull.TestCase" time="15.579">
    <system-out><![CDATA[Is Top 10 content visible: true
]]></system-out>
  </testcase>
</testsuite>