<?xml version="1.0" encoding="UTF-8"?>
<testng-results ignored="300" total="315" passed="15" failed="0" skipped="0">
  <reporter-output>
  </reporter-output>
  <suite started-at="2025-07-02T18:45:21 IST" name="Suite" finished-at="2025-07-02T18:52:15 IST" duration-ms="413464">
    <groups>
    </groups>
    <test started-at="2025-07-02T18:45:21 IST" name="Login with Email" finished-at="2025-07-02T18:45:33 IST" duration-ms="11996">
      <class name="Chull.TestCase">
        <test-method is-config="true" signature="setup()[pri:0, instance:Chull.TestCase@689604d9]" started-at="2025-07-02T18:45:21 IST" name="setup" finished-at="2025-07-02T18:45:26 IST" duration-ms="4772" status="PASS">
          <reporter-output>
          </reporter-output>
        </test-method> <!-- setup -->
        <test-method signature="loginWithMailTest()[pri:0, instance:Chull.TestCase@689604d9]" started-at="2025-07-02T18:45:26 IST" name="loginWithMailTest" finished-at="2025-07-02T18:45:33 IST" duration-ms="6721" status="PASS">
          <reporter-output>
          </reporter-output>
        </test-method> <!-- loginWithMailTest -->
        <test-method is-config="true" signature="teardown()[pri:0, instance:Chull.TestCase@689604d9]" started-at="2025-07-02T18:45:33 IST" name="teardown" finished-at="2025-07-02T18:45:33 IST" duration-ms="435" status="PASS">
          <reporter-output>
          </reporter-output>
        </test-method> <!-- teardown -->
      </class> <!-- Chull.TestCase -->
    </test> <!-- Login with Email -->
    <test started-at="2025-07-02T18:45:33 IST" name="Login with Wrong OTP" finished-at="2025-07-02T18:46:15 IST" duration-ms="42287">
      <class name="Chull.TestCase">
        <test-method is-config="true" signature="setup()[pri:0, instance:Chull.TestCase@1e800aaa]" started-at="2025-07-02T18:45:33 IST" name="setup" finished-at="2025-07-02T18:46:06 IST" duration-ms="33000" status="PASS">
          <reporter-output>
          </reporter-output>
        </test-method> <!-- setup -->
        <test-method signature="loginWithPhoneNumber()[pri:0, instance:Chull.TestCase@1e800aaa]" started-at="2025-07-02T18:46:06 IST" name="loginWithPhoneNumber" finished-at="2025-07-02T18:46:15 IST" duration-ms="8738" status="PASS">
          <reporter-output>
          </reporter-output>
        </test-method> <!-- loginWithPhoneNumber -->
        <test-method is-config="true" signature="teardown()[pri:0, instance:Chull.TestCase@1e800aaa]" started-at="2025-07-02T18:46:15 IST" name="teardown" finished-at="2025-07-02T18:46:15 IST" duration-ms="547" status="PASS">
          <reporter-output>
          </reporter-output>
        </test-method> <!-- teardown -->
      </class> <!-- Chull.TestCase -->
    </test> <!-- Login with Wrong OTP -->
    <test started-at="2025-07-02T18:46:15 IST" name="Verify Current URL" finished-at="2025-07-02T18:46:19 IST" duration-ms="3420">
      <class name="Chull.TestCase">
        <test-method is-config="true" signature="setup()[pri:0, instance:Chull.TestCase@6f03482]" started-at="2025-07-02T18:46:15 IST" name="setup" finished-at="2025-07-02T18:46:18 IST" duration-ms="3036" status="PASS">
          <reporter-output>
          </reporter-output>
        </test-method> <!-- setup -->
        <test-method signature="verifyCurrentUrlTest()[pri:0, instance:Chull.TestCase@6f03482]" started-at="2025-07-02T18:46:18 IST" name="verifyCurrentUrlTest" finished-at="2025-07-02T18:46:19 IST" duration-ms="15" status="PASS">
          <reporter-output>
          </reporter-output>
        </test-method> <!-- verifyCurrentUrlTest -->
        <test-method is-config="true" signature="teardown()[pri:0, instance:Chull.TestCase@6f03482]" started-at="2025-07-02T18:46:19 IST" name="teardown" finished-at="2025-07-02T18:46:19 IST" duration-ms="368" status="PASS">
          <reporter-output>
          </reporter-output>
        </test-method> <!-- teardown -->
      </class> <!-- Chull.TestCase -->
    </test> <!-- Verify Current URL -->
    <test started-at="2025-07-02T18:46:19 IST" name="Update Profile" finished-at="2025-07-02T18:46:37 IST" duration-ms="18273">
      <class name="Chull.TestCase">
        <test-method is-config="true" signature="setup()[pri:0, instance:Chull.TestCase@3b0090a4]" started-at="2025-07-02T18:46:19 IST" name="setup" finished-at="2025-07-02T18:46:23 IST" duration-ms="3923" status="PASS">
          <reporter-output>
          </reporter-output>
        </test-method> <!-- setup -->
        <test-method signature="updateProfileTest()[pri:0, instance:Chull.TestCase@3b0090a4]" started-at="2025-07-02T18:46:23 IST" name="updateProfileTest" finished-at="2025-07-02T18:46:37 IST" duration-ms="13886" status="PASS">
          <reporter-output>
          </reporter-output>
        </test-method> <!-- updateProfileTest -->
        <test-method is-config="true" signature="teardown()[pri:0, instance:Chull.TestCase@3b0090a4]" started-at="2025-07-02T18:46:37 IST" name="teardown" finished-at="2025-07-02T18:46:37 IST" duration-ms="459" status="PASS">
          <reporter-output>
          </reporter-output>
        </test-method> <!-- teardown -->
      </class> <!-- Chull.TestCase -->
    </test> <!-- Update Profile -->
    <test started-at="2025-07-02T18:46:37 IST" name="Search Box Functionality" finished-at="2025-07-02T18:47:00 IST" duration-ms="22872">
      <class name="Chull.TestCase">
        <test-method is-config="true" signature="setup()[pri:0, instance:Chull.TestCase@7eac9008]" started-at="2025-07-02T18:46:37 IST" name="setup" finished-at="2025-07-02T18:46:40 IST" duration-ms="3290" status="PASS">
          <reporter-output>
          </reporter-output>
        </test-method> <!-- setup -->
        <test-method signature="searchVideoTest()[pri:0, instance:Chull.TestCase@7eac9008]" started-at="2025-07-02T18:46:40 IST" name="searchVideoTest" finished-at="2025-07-02T18:47:00 IST" duration-ms="19092" status="PASS">
          <reporter-output>
          </reporter-output>
        </test-method> <!-- searchVideoTest -->
        <test-method is-config="true" signature="teardown()[pri:0, instance:Chull.TestCase@7eac9008]" started-at="2025-07-02T18:47:00 IST" name="teardown" finished-at="2025-07-02T18:47:00 IST" duration-ms="489" status="PASS">
          <reporter-output>
          </reporter-output>
        </test-method> <!-- teardown -->
      </class> <!-- Chull.TestCase -->
    </test> <!-- Search Box Functionality -->
    <test started-at="2025-07-02T18:47:00 IST" name="Login with Incorrect OTP" finished-at="2025-07-02T18:47:12 IST" duration-ms="11847">
      <class name="Chull.TestCase">
        <test-method is-config="true" signature="setup()[pri:0, instance:Chull.TestCase@74e52ef6]" started-at="2025-07-02T18:47:00 IST" name="setup" finished-at="2025-07-02T18:47:05 IST" duration-ms="4597" status="PASS">
          <reporter-output>
          </reporter-output>
        </test-method> <!-- setup -->
        <test-method signature="wrongOtpLoginTest()[pri:0, instance:Chull.TestCase@74e52ef6]" started-at="2025-07-02T18:47:05 IST" name="wrongOtpLoginTest" finished-at="2025-07-02T18:47:11 IST" duration-ms="6782" status="PASS">
          <reporter-output>
          </reporter-output>
        </test-method> <!-- wrongOtpLoginTest -->
        <test-method is-config="true" signature="teardown()[pri:0, instance:Chull.TestCase@74e52ef6]" started-at="2025-07-02T18:47:11 IST" name="teardown" finished-at="2025-07-02T18:47:12 IST" duration-ms="464" status="PASS">
          <reporter-output>
          </reporter-output>
        </test-method> <!-- teardown -->
      </class> <!-- Chull.TestCase -->
    </test> <!-- Login with Incorrect OTP -->
    <test started-at="2025-07-02T18:47:12 IST" name="Play Video" finished-at="2025-07-02T18:47:27 IST" duration-ms="15102">
      <class name="Chull.TestCase">
        <test-method is-config="true" signature="setup()[pri:0, instance:Chull.TestCase@15de0b3c]" started-at="2025-07-02T18:47:12 IST" name="setup" finished-at="2025-07-02T18:47:15 IST" duration-ms="2649" status="PASS">
          <reporter-output>
          </reporter-output>
        </test-method> <!-- setup -->
        <test-method signature="playVideoTest()[pri:0, instance:Chull.TestCase@15de0b3c]" started-at="2025-07-02T18:47:15 IST" name="playVideoTest" finished-at="2025-07-02T18:47:27 IST" duration-ms="11976" status="PASS">
          <reporter-output>
          </reporter-output>
        </test-method> <!-- playVideoTest -->
        <test-method is-config="true" signature="teardown()[pri:0, instance:Chull.TestCase@15de0b3c]" started-at="2025-07-02T18:47:27 IST" name="teardown" finished-at="2025-07-02T18:47:27 IST" duration-ms="475" status="PASS">
          <reporter-output>
          </reporter-output>
        </test-method> <!-- teardown -->
      </class> <!-- Chull.TestCase -->
    </test> <!-- Play Video -->
    <test started-at="2025-07-02T18:47:27 IST" name="Footer Terms Conditions" finished-at="2025-07-02T18:47:37 IST" duration-ms="9546">
      <class name="Chull.TestCase">
        <test-method is-config="true" signature="setup()[pri:0, instance:Chull.TestCase@198b6731]" started-at="2025-07-02T18:47:27 IST" name="setup" finished-at="2025-07-02T18:47:30 IST" duration-ms="3042" status="PASS">
          <reporter-output>
          </reporter-output>
        </test-method> <!-- setup -->
        <test-method signature="footerTermsAndConditionsTest()[pri:0, instance:Chull.TestCase@198b6731]" started-at="2025-07-02T18:47:30 IST" name="footerTermsAndConditionsTest" finished-at="2025-07-02T18:47:36 IST" duration-ms="6064" status="PASS">
          <reporter-output>
          </reporter-output>
        </test-method> <!-- footerTermsAndConditionsTest -->
        <test-method is-config="true" signature="teardown()[pri:0, instance:Chull.TestCase@198b6731]" started-at="2025-07-02T18:47:36 IST" name="teardown" finished-at="2025-07-02T18:47:37 IST" duration-ms="438" status="PASS">
          <reporter-output>
          </reporter-output>
        </test-method> <!-- teardown -->
      </class> <!-- Chull.TestCase -->
    </test> <!-- Footer Terms Conditions -->
    <test started-at="2025-07-02T18:47:37 IST" name="Logout Functionality" finished-at="2025-07-02T18:47:53 IST" duration-ms="15966">
      <class name="Chull.TestCase">
        <test-method is-config="true" signature="setup()[pri:0, instance:Chull.TestCase@3bf7ca37]" started-at="2025-07-02T18:47:37 IST" name="setup" finished-at="2025-07-02T18:47:40 IST" duration-ms="3342" status="PASS">
          <reporter-output>
          </reporter-output>
        </test-method> <!-- setup -->
        <test-method signature="logoutTest()[pri:0, instance:Chull.TestCase@3bf7ca37]" started-at="2025-07-02T18:47:40 IST" name="logoutTest" finished-at="2025-07-02T18:47:52 IST" duration-ms="12179" status="PASS">
          <reporter-output>
          </reporter-output>
        </test-method> <!-- logoutTest -->
        <test-method is-config="true" signature="teardown()[pri:0, instance:Chull.TestCase@3bf7ca37]" started-at="2025-07-02T18:47:52 IST" name="teardown" finished-at="2025-07-02T18:47:53 IST" duration-ms="443" status="PASS">
          <reporter-output>
          </reporter-output>
        </test-method> <!-- teardown -->
      </class> <!-- Chull.TestCase -->
    </test> <!-- Logout Functionality -->
    <test started-at="2025-07-02T18:47:53 IST" name="Filter Button Check" finished-at="2025-07-02T18:48:45 IST" duration-ms="51950">
      <class name="Chull.TestCase">
        <test-method is-config="true" signature="setup()[pri:0, instance:Chull.TestCase@4b2bac3f]" started-at="2025-07-02T18:47:53 IST" name="setup" finished-at="2025-07-02T18:48:24 IST" duration-ms="31745" status="PASS">
          <reporter-output>
          </reporter-output>
        </test-method> <!-- setup -->
        <test-method signature="filterValuesTest()[pri:0, instance:Chull.TestCase@4b2bac3f]" started-at="2025-07-02T18:48:24 IST" name="filterValuesTest" finished-at="2025-07-02T18:48:44 IST" duration-ms="19800" status="PASS">
          <reporter-output>
          </reporter-output>
        </test-method> <!-- filterValuesTest -->
        <test-method is-config="true" signature="teardown()[pri:0, instance:Chull.TestCase@4b2bac3f]" started-at="2025-07-02T18:48:44 IST" name="teardown" finished-at="2025-07-02T18:48:45 IST" duration-ms="401" status="PASS">
          <reporter-output>
          </reporter-output>
        </test-method> <!-- teardown -->
      </class> <!-- Chull.TestCase -->
    </test> <!-- Filter Button Check -->
    <test started-at="2025-07-02T18:48:45 IST" name="check on view All button is workable" finished-at="2025-07-02T18:49:32 IST" duration-ms="47269">
      <class name="Chull.TestCase">
        <test-method is-config="true" signature="setup()[pri:0, instance:Chull.TestCase@26794848]" started-at="2025-07-02T18:48:45 IST" name="setup" finished-at="2025-07-02T18:49:16 IST" duration-ms="31909" status="PASS">
          <reporter-output>
          </reporter-output>
        </test-method> <!-- setup -->
        <test-method signature="viewAllTest()[pri:0, instance:Chull.TestCase@26794848]" started-at="2025-07-02T18:49:16 IST" name="viewAllTest" finished-at="2025-07-02T18:49:31 IST" duration-ms="14846" status="PASS">
          <reporter-output>
          </reporter-output>
        </test-method> <!-- viewAllTest -->
        <test-method is-config="true" signature="teardown()[pri:0, instance:Chull.TestCase@26794848]" started-at="2025-07-02T18:49:31 IST" name="teardown" finished-at="2025-07-02T18:49:32 IST" duration-ms="514" status="PASS">
          <reporter-output>
          </reporter-output>
        </test-method> <!-- teardown -->
      </class> <!-- Chull.TestCase -->
    </test> <!-- check on view All button is workable -->
    <test started-at="2025-07-02T18:49:32 IST" name="Check reltead video play or not" finished-at="2025-07-02T18:50:37 IST" duration-ms="65233">
      <class name="Chull.TestCase">
        <test-method is-config="true" signature="setup()[pri:0, instance:Chull.TestCase@40005471]" started-at="2025-07-02T18:49:32 IST" name="setup" finished-at="2025-07-02T18:50:03 IST" duration-ms="31445" status="PASS">
          <reporter-output>
          </reporter-output>
        </test-method> <!-- setup -->
        <test-method signature="checkRelatedvideo()[pri:0, instance:Chull.TestCase@40005471]" started-at="2025-07-02T18:50:03 IST" name="checkRelatedvideo" finished-at="2025-07-02T18:50:36 IST" duration-ms="33170" status="PASS">
          <reporter-output>
          </reporter-output>
        </test-method> <!-- checkRelatedvideo -->
        <test-method is-config="true" signature="teardown()[pri:0, instance:Chull.TestCase@40005471]" started-at="2025-07-02T18:50:36 IST" name="teardown" finished-at="2025-07-02T18:50:37 IST" duration-ms="614" status="PASS">
          <reporter-output>
          </reporter-output>
        </test-method> <!-- teardown -->
      </class> <!-- Chull.TestCase -->
    </test> <!-- Check reltead video play or not -->
    <test started-at="2025-07-02T18:50:37 IST" name="Verify Banner is visible or not" finished-at="2025-07-02T18:51:00 IST" duration-ms="23002">
      <class name="Chull.TestCase">
        <test-method is-config="true" signature="setup()[pri:0, instance:Chull.TestCase@49438269]" started-at="2025-07-02T18:50:37 IST" name="setup" finished-at="2025-07-02T18:50:41 IST" duration-ms="3712" status="PASS">
          <reporter-output>
          </reporter-output>
        </test-method> <!-- setup -->
        <test-method signature="Banner_is_visible()[pri:0, instance:Chull.TestCase@49438269]" started-at="2025-07-02T18:50:41 IST" name="Banner_is_visible" finished-at="2025-07-02T18:51:00 IST" duration-ms="18817" status="PASS">
          <reporter-output>
          </reporter-output>
        </test-method> <!-- Banner_is_visible -->
        <test-method is-config="true" signature="teardown()[pri:0, instance:Chull.TestCase@49438269]" started-at="2025-07-02T18:51:00 IST" name="teardown" finished-at="2025-07-02T18:51:00 IST" duration-ms="471" status="PASS">
          <reporter-output>
          </reporter-output>
        </test-method> <!-- teardown -->
      </class> <!-- Chull.TestCase -->
    </test> <!-- Verify Banner is visible or not -->
    <test started-at="2025-07-02T18:51:00 IST" name="Verify subscription button is visible or not" finished-at="2025-07-02T18:51:42 IST" duration-ms="42272">
      <class name="Chull.TestCase">
        <test-method is-config="true" signature="setup()[pri:0, instance:Chull.TestCase@55fe41ea]" started-at="2025-07-02T18:51:00 IST" name="setup" finished-at="2025-07-02T18:51:32 IST" duration-ms="31637" status="PASS">
          <reporter-output>
          </reporter-output>
        </test-method> <!-- setup -->
        <test-method signature="subscription()[pri:0, instance:Chull.TestCase@55fe41ea]" started-at="2025-07-02T18:51:32 IST" name="subscription" finished-at="2025-07-02T18:51:42 IST" duration-ms="10117" status="PASS">
          <reporter-output>
          </reporter-output>
        </test-method> <!-- subscription -->
        <test-method is-config="true" signature="teardown()[pri:0, instance:Chull.TestCase@55fe41ea]" started-at="2025-07-02T18:51:42 IST" name="teardown" finished-at="2025-07-02T18:51:42 IST" duration-ms="515" status="PASS">
          <reporter-output>
          </reporter-output>
        </test-method> <!-- teardown -->
      </class> <!-- Chull.TestCase -->
    </test> <!-- Verify subscription button is visible or not -->
    <test started-at="2025-07-02T18:51:42 IST" name="verify Without login suscription Button is visible or not" finished-at="2025-07-02T18:52:15 IST" duration-ms="32237">
      <class name="Chull.TestCase">
        <test-method is-config="true" signature="setup()[pri:0, instance:Chull.TestCase@5dda768f]" started-at="2025-07-02T18:51:42 IST" name="setup" finished-at="2025-07-02T18:52:14 IST" duration-ms="31847" status="PASS">
          <reporter-output>
          </reporter-output>
        </test-method> <!-- setup -->
        <test-method signature="withoutLoginSubscriptionButtonisVisible()[pri:0, instance:Chull.TestCase@5dda768f]" started-at="2025-07-02T18:52:14 IST" name="withoutLoginSubscriptionButtonisVisible" finished-at="2025-07-02T18:52:14 IST" duration-ms="38" status="PASS">
          <reporter-output>
          </reporter-output>
        </test-method> <!-- withoutLoginSubscriptionButtonisVisible -->
        <test-method is-config="true" signature="teardown()[pri:0, instance:Chull.TestCase@5dda768f]" started-at="2025-07-02T18:52:14 IST" name="teardown" finished-at="2025-07-02T18:52:15 IST" duration-ms="351" status="PASS">
          <reporter-output>
          </reporter-output>
        </test-method> <!-- teardown -->
      </class> <!-- Chull.TestCase -->
    </test> <!-- verify Without login suscription Button is visible or not -->
  </suite> <!-- Suite -->
</testng-results>
