<?xml version="1.0" encoding="UTF-8"?>
<testsuite xmlns:xsi="http://www.w3.org/2001/XMLSchema-instance" xsi:noNamespaceSchemaLocation="https://maven.apache.org/surefire/maven-surefire-plugin/xsd/surefire-test-report-3.0.xsd" version="3.0" name="TestSuite" time="190.395" tests="11" errors="0" skipped="0" failures="0">
  <properties>
[...]
</properties>
  <testcase name="loginWithMailTest" classname="Chull.TestCase" time="3.603">
    <system-err><![CDATA[SLF4J(W): No SLF4J providers were found.
SLF4J(W): Defaulting to no-operation (NOP) logger implementation
SLF4J(W): See https://www.slf4j.org/codes.html#noProviders for further details.
]]></system-err>
  </testcase>
  <testcase name="loginWithPhoneNumber" classname="Chull.TestCase" time="8.982"/>
  <testcase name="verifyCurrentUrlTest" classname="Chull.TestCase" time="0.047">
    <system-out><![CDATA[True 
]]></system-out>
  </testcase>
  <testcase name="updateProfileTest" classname="Chull.TestCase" time="14.169"/>
  <testcase name="searchVideoTest" classname="Chull.TestCase" time="19.407">
    <system-out><![CDATA[Video is visible
]]></system-out>
  </testcase>
  <testcase name="wrongOtpLoginTest" classname="Chull.TestCase" time="7.865">
    <system-out><![CDATA[Verify OTP
]]></system-out>
  </testcase>
  <testcase name="playVideoTest" classname="Chull.TestCase" time="15.096">
    <system-out><![CDATA[Popup closed.
Total iframes found: 8
Iframe src: https://chull.tv/player.html?file=https://vz-1dab6337-9e3.b-cdn.net/3053cb8c-0e67-46e5-aff0-face462319f4/playlist.m3u8&name=%7B%22id%22%3A384%2C%22name%22%3A%22Love%20kills%22%2C%22video_720%22%3A%22https%3A%5C%2F%5C%2Fvz-1dab6337-9e3.b-cdn.net%5C%2F3053cb8c-0e67-46e5-aff0-face462319f4%5C%2Fplaylist.m3u8%22%2C%22maturity_rating%22%3A%22A%22%2C%22category_name%22%3A%22Drama%2C%20Romance%22%2C%22type_id%22%3A1%2C%22video_type%22%3A%22video%22%2C%22session_id%22%3A0%2C%22trailer_url%22%3A%22%22%7D&poster=https://ottimages.b-cdn.net/playerposter.jpg&title=CHULL%20TV
Unable to switch to iframe. Possibly cross-origin.
]]></system-out>
  </testcase>
  <testcase name="footerTermsAndConditionsTest" classname="Chull.TestCase" time="5.492">
    <system-out><![CDATA[Total iframes: 7
iframe ID: support
iframe SRC: https://chull.ottsnap.in/pages/3
iframe ID: 
iframe SRC: https://td.doubleclick.net/td/rul/17013215611?random=1750226405268&cv=11&fst=1750226405268&fmt=3&bg=ffffff&guid=ON&async=1&gtm=45be56g0z89221036923za200zb9221036923&gcd=13l3l3l3l1l1&dma=0&tag_exp=101509157~103116026~103200004~103233427~103351869~103351871~104617979~104617981~104718208~104736445~104736447&u_w=1280&u_h=720&url=https%3A%2F%2Fchull.tv%2F&hn=www.googleadservices.com&frm=0&npa=0&pscdl=noapi&auid=821512445.1750226405&uaa=x86&uab=64&uafvl=Google%2520Chrome%3B137.0.7151.104%7CChromium%3B137.0.7151.104%7CNot%252FA)Brand%3B24.0.0.0&uamb=0&uam=&uap=Windows&uapv=19.0.0&uaw=0&fledge=1&data=event%3Dgtag.config
iframe ID: 
iframe SRC: https://td.doubleclick.net/td/rul/17013215611?random=1750226405349&cv=11&fst=1750226405349&fmt=3&bg=ffffff&guid=ON&async=1&gtm=45be56g0z89221036923za200zb9221036923&gcd=13l3l3l3l1l1&dma=0&tag_exp=101509157~103116026~103200004~103233427~103351869~103351871~104617979~104617981~104718208~104736445~104736447&u_w=1280&u_h=720&url=https%3A%2F%2Fchull.tv%2F&hn=www.googleadservices.com&frm=0&npa=0&pscdl=noapi&auid=821512445.1750226405&uaa=x86&uab=64&uafvl=Google%2520Chrome%3B137.0.7151.104%7CChromium%3B137.0.7151.104%7CNot%252FA)Brand%3B24.0.0.0&uamb=0&uam=&uap=Windows&uapv=19.0.0&uaw=0&fledge=1&_tu=Cg
iframe ID: 
iframe SRC: 
iframe ID: 
iframe SRC: https://td.doubleclick.net/td/rul/17013215611?random=1750226421690&cv=11&fst=1750226421690&fmt=3&bg=ffffff&guid=ON&async=1&gtm=45be56g0za200zb9221036923&gcd=13l3l3l3l1l1&dma=0&tag_exp=101509157~103116026~103200004~103233427~103351869~103351871~104617979~104617981~104718208~104736445~104736447&u_w=1280&u_h=720&url=https%3A%2F%2Fchull.tv%2Flogin&hn=www.googleadservices.com&frm=0&tiba=Chull%20Tv%20-%20OTT%20Platform%20for%20Web%20Series%20Movies%20Entertainment%20Show&npa=0&pscdl=noapi&auid=821512445.1750226405&uaa=x86&uab=64&uafvl=Google%2520Chrome%3B137.0.7151.104%7CChromium%3B137.0.7151.104%7CNot%252FA)Brand%3B24.0.0.0&uamb=0&uam=&uap=Windows&uapv=19.0.0&uaw=0&fledge=1&data=event%3Dform_start
iframe ID: 
iframe SRC: https://td.doubleclick.net/td/rul/17013215611?random=1750226421707&cv=11&fst=1750226421707&fmt=3&bg=ffffff&guid=ON&async=1&gtm=45be56g0za200zb9221036923&gcd=13l3l3l3l1l1&dma=0&tag_exp=101509157~103116026~103200004~103233427~103351869~103351871~104617979~104617981~104718208~104736445~104736447&u_w=1280&u_h=720&url=https%3A%2F%2Fchull.tv%2Flogin&hn=www.googleadservices.com&frm=0&tiba=Chull%20Tv%20-%20OTT%20Platform%20for%20Web%20Series%20Movies%20Entertainment%20Show&npa=0&pscdl=noapi&auid=821512445.1750226405&uaa=x86&uab=64&uafvl=Google%2520Chrome%3B137.0.7151.104%7CChromium%3B137.0.7151.104%7CNot%252FA)Brand%3B24.0.0.0&uamb=0&uam=&uap=Windows&uapv=19.0.0&uaw=0&fledge=1&data=event%3Dform_submit
iframe ID: 
iframe SRC: https://td.doubleclick.net/td/rul/17013215611?random=1750226422141&cv=11&fst=1750226422141&fmt=3&bg=ffffff&guid=ON&async=1&gtm=45be56g0za200zb9221036923&gcd=13l3l3l3l1l1&dma=0&tag_exp=101509157~103116026~103200004~103233427~103351869~103351871~104617979~104617981~104718208~104736445~104736447&u_w=1280&u_h=720&url=https%3A%2F%2Fchull.tv%2Flogin&hn=www.googleadservices.com&frm=0&tiba=Chull%20Tv%20-%20OTT%20Platform%20for%20Web%20Series%20Movies%20Entertainment%20Show&npa=0&pscdl=noapi&auid=821512445.1750226405&uaa=x86&uab=64&uafvl=Google%2520Chrome%3B137.0.7151.104%7CChromium%3B137.0.7151.104%7CNot%252FA)Brand%3B24.0.0.0&uamb=0&uam=&uap=Windows&uapv=19.0.0&uaw=0&fledge=1&data=event%3Dform_submit
Element is visible
]]></system-out>
  </testcase>
  <testcase name="logoutTest" classname="Chull.TestCase" time="11.55"/>
  <testcase name="filterValuesTest" classname="Chull.TestCase" time="20.335">
    <system-out><![CDATA[https://chull.tv/language/Hindi/1
]]></system-out>
  </testcase>
  <testcase name="viewAllTest" classname="Chull.TestCase" time="15.893">
    <system-out><![CDATA[Is Top 10 content visible: true
]]></system-out>
  </testcase>
</testsuite>