<?xml version="1.0" encoding="UTF-8"?>
<testng-results ignored="15" total="16" passed="1" failed="0" skipped="0">
  <reporter-output>
  </reporter-output>
  <suite started-at="2025-06-06T11:22:30 IST" name="Default suite" finished-at="2025-06-06T11:22:55 IST" duration-ms="24474">
    <groups>
    </groups>
    <test started-at="2025-06-06T11:22:30 IST" name="Default test" finished-at="2025-06-06T11:22:55 IST" duration-ms="24474">
      <class name="Chull.TestCase">
        <test-method is-config="true" signature="setup()[pri:0, instance:Chull.TestCase@7b36aa0c]" started-at="2025-06-06T11:22:30 IST" name="setup" finished-at="2025-06-06T11:22:35 IST" duration-ms="4554" status="PASS">
          <reporter-output>
          </reporter-output>
        </test-method> <!-- setup -->
        <test-method signature="playVideoTest()[pri:0, instance:Chull.TestCase@7b36aa0c]" started-at="2025-06-06T11:22:35 IST" name="playVideoTest" finished-at="2025-06-06T11:22:54 IST" duration-ms="19362" status="PASS">
          <reporter-output>
          </reporter-output>
        </test-method> <!-- playVideoTest -->
        <test-method is-config="true" signature="teardown()[pri:0, instance:Chull.TestCase@7b36aa0c]" started-at="2025-06-06T11:22:54 IST" name="teardown" finished-at="2025-06-06T11:22:55 IST" duration-ms="521" status="PASS">
          <reporter-output>
          </reporter-output>
        </test-method> <!-- teardown -->
      </class> <!-- Chull.TestCase -->
    </test> <!-- Default test -->
  </suite> <!-- Default suite -->
</testng-results>
