<?xml version="1.0" encoding="UTF-8"?>
<testng-results ignored="20" total="21" passed="1" failed="0" skipped="0">
  <reporter-output>
  </reporter-output>
  <suite started-at="2025-07-02T18:30:06 IST" name="Default suite" finished-at="2025-07-02T18:30:25 IST" duration-ms="19721">
    <groups>
    </groups>
    <test started-at="2025-07-02T18:30:06 IST" name="Default test" finished-at="2025-07-02T18:30:25 IST" duration-ms="19721">
      <class name="Chull.TestCase">
        <test-method is-config="true" signature="setup()[pri:0, instance:Chull.TestCase@65c7a252]" started-at="2025-07-02T18:30:06 IST" name="setup" finished-at="2025-07-02T18:30:10 IST" duration-ms="4665" status="PASS">
          <reporter-output>
          </reporter-output>
        </test-method> <!-- setup -->
        <test-method signature="check_SubscriptionButtonIsclickable()[pri:0, instance:Chull.TestCase@65c7a252]" started-at="2025-07-02T18:30:10 IST" name="check_SubscriptionButtonIsclickable" finished-at="2025-07-02T18:30:25 IST" duration-ms="14452" status="PASS">
          <reporter-output>
          </reporter-output>
        </test-method> <!-- check_SubscriptionButtonIsclickable -->
        <test-method is-config="true" signature="teardown()[pri:0, instance:Chull.TestCase@65c7a252]" started-at="2025-07-02T18:30:25 IST" name="teardown" finished-at="2025-07-02T18:30:25 IST" duration-ms="560" status="PASS">
          <reporter-output>
          </reporter-output>
        </test-method> <!-- teardown -->
      </class> <!-- Chull.TestCase -->
    </test> <!-- Default test -->
  </suite> <!-- Default suite -->
</testng-results>
